Testsuite: swen90006.fotbot.BoundaryTests
Tests run: 21, Failures: 1, Errors: 1, Skipped: 0, Time elapsed: 0.047 sec

Testcase: fotBotTestEC2B took 0.002 sec
Testcase: fotBotTestEC3B took 0 sec
Testcase: fotBotTestEC3 took 0.011 sec
Testcase: fotBotTestEC11B took 0 sec
Testcase: fotBotTestEC10 took 0 sec
Testcase: fotBotTestEC11 took 0 sec
Testcase: fotBotTestEC12 took 0.001 sec
	FAILED
Expected exception: swen90006.fotbot.NoSuchUserException
junit.framework.AssertionFailedError: Expected exception: swen90006.fotbot.NoSuchUserException

Testcase: fotBotTestEC13 took 0.008 sec
Testcase: fotBotTestEC14 took 0.003 sec
Testcase: fotBotTestEC15 took 0 sec
	Caused an ERROR
Incorrect password: admin_password1 for user userName1
swen90006.fotbot.IncorrectPasswordException: Incorrect password: admin_password1 for user userName1
	at swen90006.fotbot.FotBot.checkUsernamePassword(FotBot.java:275)
	at swen90006.fotbot.FotBot.getStepData(FotBot.java:236)
	at swen90006.fotbot.PartitioningTests.fotBotTestEC15(Unknown Source)
	at java.base/jdk.internal.reflect.NativeMethodAccessorImpl.invoke0(Native Method)
	at java.base/jdk.internal.reflect.NativeMethodAccessorImpl.invoke(NativeMethodAccessorImpl.java:62)
	at java.base/jdk.internal.reflect.DelegatingMethodAccessorImpl.invoke(DelegatingMethodAccessorImpl.java:43)

Testcase: fotBotTestEC16 took 0 sec
Testcase: fotBotTestEC17 took 0 sec
Testcase: fotBotTestEC18 took 0.001 sec
Testcase: fotBotTestEC1 took 0 sec
Testcase: fotBotTestEC2 took 0.001 sec
Testcase: fotBotTestEC4 took 0.001 sec
Testcase: fotBotTestEC5 took 0 sec
Testcase: fotBotTestEC6 took 0 sec
Testcase: fotBotTestEC7 took 0 sec
Testcase: fotBotTestEC8 took 0 sec
Testcase: fotBotTestEC9 took 0 sec
