Testsuite: swen90006.fotbot.BoundaryTests
Tests run: 21, Failures: 2, Errors: 0, Skipped: 0, Time elapsed: 0.052 sec

Testcase: fotBotTestEC2B took 0.002 sec
Testcase: fotBotTestEC3B took 0 sec
Testcase: fotBotTestEC3 took 0.011 sec
Testcase: fotBotTestEC11B took 0 sec
Testcase: fotBotTestEC10 took 0 sec
Testcase: fotBotTestEC11 took 0 sec
Testcase: fotBotTestEC12 took 0.004 sec
Testcase: fotBotTestEC13 took 0.012 sec
Testcase: fotBotTestEC14 took 0 sec
Testcase: fotBotTestEC15 took 0.001 sec
	FAILED
expected:<[1, 2, 3]> but was:<[]>
junit.framework.AssertionFailedError: expected:<[1, 2, 3]> but was:<[]>
	at swen90006.fotbot.PartitioningTests.fotBotTestEC15(Unknown Source)
	at java.base/jdk.internal.reflect.NativeMethodAccessorImpl.invoke0(Native Method)
	at java.base/jdk.internal.reflect.NativeMethodAccessorImpl.invoke(NativeMethodAccessorImpl.java:62)
	at java.base/jdk.internal.reflect.DelegatingMethodAccessorImpl.invoke(DelegatingMethodAccessorImpl.java:43)

Testcase: fotBotTestEC16 took 0.001 sec
Testcase: fotBotTestEC17 took 0 sec
	FAILED
expected:<[2, 3, 4]> but was:<[]>
junit.framework.AssertionFailedError: expected:<[2, 3, 4]> but was:<[]>
	at swen90006.fotbot.PartitioningTests.fotBotTestEC17(Unknown Source)
	at java.base/jdk.internal.reflect.NativeMethodAccessorImpl.invoke0(Native Method)
	at java.base/jdk.internal.reflect.NativeMethodAccessorImpl.invoke(NativeMethodAccessorImpl.java:62)
	at java.base/jdk.internal.reflect.DelegatingMethodAccessorImpl.invoke(DelegatingMethodAccessorImpl.java:43)

Testcase: fotBotTestEC18 took 0 sec
Testcase: fotBotTestEC1 took 0 sec
Testcase: fotBotTestEC2 took 0 sec
Testcase: fotBotTestEC4 took 0.001 sec
Testcase: fotBotTestEC5 took 0 sec
Testcase: fotBotTestEC6 took 0 sec
Testcase: fotBotTestEC7 took 0 sec
Testcase: fotBotTestEC8 took 0 sec
Testcase: fotBotTestEC9 took 0 sec
